[0m14:22:24.299231 [debug] [MainThread]: Sending event: {'category': 'dbt', 'action': 'invocation', 'label': 'start', 'context': [<snowplow_tracker.self_describing_json.SelfDescribingJson object at 0x0000029068950FE0>, <snowplow_tracker.self_describing_json.SelfDescribingJson object at 0x0000029068951F70>, <snowplow_tracker.self_describing_json.SelfDescribingJson object at 0x0000029068950A40>]}


============================== 14:22:24.304332 | 692132f6-e667-4b13-ab48-37c9c31a8057 ==============================
[0m14:22:24.304332 [info ] [MainThread]: Running with dbt=1.10.0
[0m14:22:24.304332 [debug] [MainThread]: running dbt with arguments {'printer_width': '80', 'indirect_selection': 'eager', 'log_cache_events': 'False', 'write_json': 'True', 'partial_parse': 'True', 'cache_selected_only': 'False', 'profiles_dir': 'C:\\Users\\premchandar\\.dbt', 'fail_fast': 'False', 'debug': 'False', 'log_path': 'logs', 'warn_error': 'None', 'version_check': 'True', 'use_colors': 'True', 'use_experimental_parser': 'False', 'empty': 'None', 'quiet': 'False', 'no_print': 'None', 'log_format': 'default', 'invocation_command': 'dbt init catalog_dq', 'static_parser': 'True', 'warn_error_options': 'WarnErrorOptionsV2(error=[], warn=[], silence=[])', 'target_path': 'None', 'introspect': 'True', 'send_anonymous_usage_stats': 'True'}
[0m14:22:24.324855 [info ] [MainThread]: Creating dbt configuration folder at C:\Users\premchandar\.dbt
[0m14:22:24.328981 [debug] [MainThread]: Starter project path: C:\Users\premchandar\OneDrive\Desktop\projects\catalog-dq-pipeline\venv\Lib\site-packages\dbt\include\starter_project
[0m14:22:24.344995 [info ] [MainThread]: 
Your new dbt project "catalog_dq" was created!

For more information on how to configure the profiles.yml file,
please consult the dbt documentation here:

  https://docs.getdbt.com/docs/configure-your-profile

One more thing:

Need help? Don't hesitate to reach out to us via GitHub issues or on Slack:

  https://community.getdbt.com/

Happy modeling!

[0m14:22:24.344995 [info ] [MainThread]: Setting up your profile.
[0m14:22:48.671905 [info ] [MainThread]: Profile catalog_dq written to C:\Users\premchandar\.dbt\profiles.yml using target's sample configuration. Once updated, you'll be able to start developing with dbt.
[0m14:22:48.671905 [debug] [MainThread]: Command `dbt init` succeeded at 14:22:48.671905 after 24.50 seconds
[0m14:22:48.673913 [debug] [MainThread]: Sending event: {'category': 'dbt', 'action': 'invocation', 'label': 'end', 'context': [<snowplow_tracker.self_describing_json.SelfDescribingJson object at 0x000002906913AF60>, <snowplow_tracker.self_describing_json.SelfDescribingJson object at 0x00000290687E3FB0>, <snowplow_tracker.self_describing_json.SelfDescribingJson object at 0x000002900100A540>]}
[0m14:22:48.673913 [debug] [MainThread]: Flushing usage events
[0m14:22:49.858313 [debug] [MainThread]: An error was encountered while trying to flush usage events
[0m09:02:57.021462 [debug] [MainThread]: Sending event: {'category': 'dbt', 'action': 'invocation', 'label': 'start', 'context': [<snowplow_tracker.self_describing_json.SelfDescribingJson object at 0x00000185247005C0>, <snowplow_tracker.self_describing_json.SelfDescribingJson object at 0x0000018524701220>, <snowplow_tracker.self_describing_json.SelfDescribingJson object at 0x0000018524703B00>]}


============================== 09:02:57.021462 | 70b434d7-0a03-41c4-942a-616f31a0d296 ==============================
[0m09:02:57.021462 [info ] [MainThread]: Running with dbt=1.10.0
[0m09:02:57.021462 [debug] [MainThread]: running dbt with arguments {'printer_width': '80', 'indirect_selection': 'eager', 'write_json': 'True', 'log_cache_events': 'False', 'partial_parse': 'True', 'cache_selected_only': 'False', 'warn_error': 'None', 'debug': 'False', 'fail_fast': 'False', 'log_path': 'logs', 'profiles_dir': 'C:\\Users\\premchandar\\.dbt', 'version_check': 'True', 'use_colors': 'True', 'use_experimental_parser': 'False', 'empty': 'False', 'quiet': 'False', 'no_print': 'None', 'log_format': 'default', 'introspect': 'True', 'invocation_command': 'dbt run', 'static_parser': 'True', 'target_path': 'None', 'warn_error_options': 'WarnErrorOptionsV2(error=[], warn=[], silence=[])', 'send_anonymous_usage_stats': 'True'}
[0m09:02:57.021462 [error] [MainThread]: Encountered an error:
Runtime Error
  No dbt_project.yml found at expected path C:\Users\premchandar\OneDrive\Desktop\projects\catalog-dq-pipeline\dbt_project.yml
  Verify that each entry within packages.yml (and their transitive dependencies) contains a file named dbt_project.yml
  
[0m09:02:57.031029 [debug] [MainThread]: Command `dbt run` failed at 09:02:57.031029 after 0.17 seconds
[0m09:02:57.031029 [debug] [MainThread]: Sending event: {'category': 'dbt', 'action': 'invocation', 'label': 'end', 'context': [<snowplow_tracker.self_describing_json.SelfDescribingJson object at 0x0000018523FD1BB0>, <snowplow_tracker.self_describing_json.SelfDescribingJson object at 0x0000018524A4BB90>, <snowplow_tracker.self_describing_json.SelfDescribingJson object at 0x0000018524A4BAD0>]}
[0m09:02:57.031029 [debug] [MainThread]: Flushing usage events
[0m09:02:58.261329 [debug] [MainThread]: An error was encountered while trying to flush usage events
